<?xml version="1.0" encoding="UTF-8"?>
<testng-results ignored="0" total="1" passed="1" failed="0" skipped="0">
  <reporter-output>
  </reporter-output>
  <suite started-at="2022-06-15T14:38:22 IST" name="Default suite" finished-at="2022-06-15T14:38:54 IST" duration-ms="31778">
    <groups>
    </groups>
    <test started-at="2022-06-15T14:38:22 IST" name="Default test" finished-at="2022-06-15T14:38:54 IST" duration-ms="31778">
      <class name="com.redbus.TestCases.TC_LoginTest_001">
        <test-method signature="searchBuses()[pri:0, instance:com.redbus.TestCases.TC_LoginTest_001@6ae5aa72]" started-at="2022-06-15T14:38:22 IST" name="searchBuses" finished-at="2022-06-15T14:38:54 IST" duration-ms="31726" status="PASS">
          <reporter-output>
          </reporter-output>
        </test-method> <!-- searchBuses -->
      </class> <!-- com.redbus.TestCases.TC_LoginTest_001 -->
    </test> <!-- Default test -->
  </suite> <!-- Default suite -->
</testng-results>
